<?xml version="1.0" encoding="UTF-8"?>
<!-- Generated by org.testng.reporters.JUnitReportReporter -->
<testsuite hostname="LAPTOP-DCJCMVDD" failures="0" tests="1" name="testCases.TC_01_Registration" time="11.430" errors="0" timestamp="2024-09-27T20:45:16 IST" skipped="0">
  <testcase classname="testCases.TC_01_Registration" name="Verify_registration" time="11.430"/>
</testsuite> <!-- testCases.TC_01_Registration -->
