<?xml version="1.0" encoding="UTF-8"?>
<!-- Generated by org.testng.reporters.JUnitReportReporter -->
<testsuite hostname="LAPTOP-DCJCMVDD" failures="0" tests="1" name="testCases.TC_02_LoginTest" time="6.087" errors="0" timestamp="2024-09-27T20:45:16 IST" skipped="0">
  <testcase classname="testCases.TC_02_LoginTest" name="verify_login" time="6.087"/>
</testsuite> <!-- testCases.TC_02_LoginTest -->
